[2025-12-17T14:34:25.364+0000] {local_task_job_runner.py:120} INFO - ::group::Pre task execution logs
[2025-12-17T14:34:25.401+0000] {taskinstance.py:2076} INFO - Dependencies all met for dep_context=non-requeueable deps ti=<TaskInstance: spotify_minio_to_snowflake_bronze.load_raw_to_snowflake manual__2025-12-17T14:33:56.697665+00:00 [queued]>
[2025-12-17T14:34:25.412+0000] {taskinstance.py:2076} INFO - Dependencies all met for dep_context=requeueable deps ti=<TaskInstance: spotify_minio_to_snowflake_bronze.load_raw_to_snowflake manual__2025-12-17T14:33:56.697665+00:00 [queued]>
[2025-12-17T14:34:25.413+0000] {taskinstance.py:2306} INFO - Starting attempt 1 of 2
[2025-12-17T14:34:25.428+0000] {taskinstance.py:2330} INFO - Executing <Task(PythonOperator): load_raw_to_snowflake> on 2025-12-17 14:33:56.697665+00:00
[2025-12-17T14:34:25.441+0000] {standard_task_runner.py:90} INFO - Running: ['***', 'tasks', 'run', 'spotify_minio_to_snowflake_bronze', 'load_raw_to_snowflake', 'manual__2025-12-17T14:33:56.697665+00:00', '--job-id', '5', '--raw', '--subdir', 'DAGS_FOLDER/minio-to-kafka.py', '--cfg-path', '/tmp/tmpkc2vawyw']
[2025-12-17T14:34:25.446+0000] {logging_mixin.py:188} WARNING - /home/***/.local/lib/python3.12/site-packages/***/task/task_runner/standard_task_runner.py:62 DeprecationWarning: This process (pid=175) is multi-threaded, use of fork() may lead to deadlocks in the child.
[2025-12-17T14:34:25.446+0000] {standard_task_runner.py:91} INFO - Job 5: Subtask load_raw_to_snowflake
[2025-12-17T14:34:25.447+0000] {standard_task_runner.py:64} INFO - Started process 185 to run task
[2025-12-17T14:34:25.531+0000] {task_command.py:426} INFO - Running <TaskInstance: spotify_minio_to_snowflake_bronze.load_raw_to_snowflake manual__2025-12-17T14:33:56.697665+00:00 [running]> on host e3a70f564cf4
[2025-12-17T14:34:25.661+0000] {taskinstance.py:2648} INFO - Exporting env vars: AIRFLOW_CTX_DAG_OWNER='***' AIRFLOW_CTX_DAG_ID='spotify_minio_to_snowflake_bronze' AIRFLOW_CTX_TASK_ID='load_raw_to_snowflake' AIRFLOW_CTX_EXECUTION_DATE='2025-12-17T14:33:56.697665+00:00' AIRFLOW_CTX_TRY_NUMBER='1' AIRFLOW_CTX_DAG_RUN_ID='manual__2025-12-17T14:33:56.697665+00:00'
[2025-12-17T14:34:25.664+0000] {taskinstance.py:430} INFO - ::endgroup::
[2025-12-17T14:34:25.704+0000] {connection.py:408} INFO - Snowflake Connector for Python Version: 3.11.0, Python Version: 3.12.4, Platform: Linux-6.6.87.2-microsoft-standard-WSL2-x86_64-with-glibc2.36
[2025-12-17T14:34:25.706+0000] {connection.py:1258} INFO - This connection is in OCSP Fail Open Mode. TLS Certificates would be checked for validity and revocation status. Any other Certificate Revocation related exceptions or OCSP Responder failures would be disregarded in favor of connectivity.
[2025-12-17T14:34:26.412+0000] {cursor.py:1149} INFO - Number of results in first chunk: 1
[2025-12-17T14:34:26.530+0000] {cursor.py:1149} INFO - Number of results in first chunk: 1
[2025-12-17T14:34:26.676+0000] {cursor.py:1149} INFO - Number of results in first chunk: 1
[2025-12-17T14:35:13.628+0000] {cursor.py:1149} INFO - Number of results in first chunk: 1
[2025-12-17T14:35:13.644+0000] {connection.py:773} INFO - closed
[2025-12-17T14:35:13.765+0000] {connection.py:779} INFO - No async queries seem to be running, deleting session
[2025-12-17T14:35:13.844+0000] {logging_mixin.py:188} INFO - ✅ Loaded 150 raw records into Snowflake table: SPOTIFY_EVENTS_BRONZE
[2025-12-17T14:35:13.846+0000] {python.py:237} INFO - Done. Returned value was: None
[2025-12-17T14:35:13.847+0000] {taskinstance.py:441} INFO - ::group::Post task execution logs
[2025-12-17T14:35:13.861+0000] {taskinstance.py:1206} INFO - Marking task as SUCCESS. dag_id=spotify_minio_to_snowflake_bronze, task_id=load_raw_to_snowflake, run_id=manual__2025-12-17T14:33:56.697665+00:00, execution_date=20251217T143356, start_date=20251217T143425, end_date=20251217T143513
[2025-12-17T14:35:13.905+0000] {local_task_job_runner.py:243} INFO - Task exited with return code 0
[2025-12-17T14:35:13.927+0000] {taskinstance.py:3503} INFO - 0 downstream tasks scheduled from follow-on schedule check
[2025-12-17T14:35:13.930+0000] {local_task_job_runner.py:222} INFO - ::endgroup::
